build/app/intermediates/manifest_merge_blame_file/debug/manifest-merger-blame-debug-report.txt
1<?xml version="1.0" encoding="utf-8"?>
2<manifest xmlns:android="http://schemas.android.com/apk/res/android"
3    package="com.example.smart_parking"
4    android:versionCode="1"
5    android:versionName="1.0.0" >
6
7    <uses-sdk
8        android:minSdkVersion="21"
9        android:targetSdkVersion="31" />
10    <!--
11         Flutter needs it to communicate with the running application
12         to allow setting breakpoints, to provide hot reload, etc.
13    -->
14    <uses-permission android:name="android.permission.INTERNET" />
14-->src/debug/AndroidManifest.xml:6:5-66
14-->src/debug/AndroidManifest.xml:6:22-64
15    <uses-permission android:name="android.permission.FOREGROUND_SERVICE" />
15-->[:geolocator_android] AndroidManifest.xml:7:5-77
15-->[:geolocator_android] AndroidManifest.xml:7:22-74
16    <uses-permission android:name="android.permission.ACCESS_COARSE_LOCATION" />
16-->[:location] AndroidManifest.xml:7:5-81
16-->[:location] AndroidManifest.xml:7:22-78
17    <uses-permission android:name="android.permission.ACCESS_FINE_LOCATION" />
17-->[:location] AndroidManifest.xml:8:5-79
17-->[:location] AndroidManifest.xml:8:22-76
18    <uses-permission android:name="android.permission.ACCESS_NETWORK_STATE" />
18-->[com.google.firebase:firebase-auth:21.0.3] AndroidManifest.xml:24:5-79
18-->[com.google.firebase:firebase-auth:21.0.3] AndroidManifest.xml:24:22-76
19    <uses-permission android:name="android.permission.WAKE_LOCK" />
19-->[com.google.android.gms:play-services-measurement-api:20.1.2] AndroidManifest.xml:24:5-68
19-->[com.google.android.gms:play-services-measurement-api:20.1.2] AndroidManifest.xml:24:22-65
20    <uses-permission android:name="com.google.android.gms.permission.AD_ID" />
20-->[com.google.android.gms:play-services-measurement-api:20.1.2] AndroidManifest.xml:25:5-79
20-->[com.google.android.gms:play-services-measurement-api:20.1.2] AndroidManifest.xml:25:22-76
21
22    <queries>
22-->[com.razorpay:checkout:1.6.19] AndroidManifest.xml:11:5-37:15
23        <intent>
23-->[com.razorpay:checkout:1.6.19] AndroidManifest.xml:12:9-18:18
24            <action android:name="android.intent.action.VIEW" />
24-->[com.google.firebase:firebase-auth:21.0.3] AndroidManifest.xml:34:17-69
24-->[com.google.firebase:firebase-auth:21.0.3] AndroidManifest.xml:34:25-66
25
26            <data
26-->[com.google.firebase:firebase-auth:21.0.3] AndroidManifest.xml:39:17-42:51
27                android:mimeType="*/*"
28                android:scheme="*" />
28-->[com.google.firebase:firebase-auth:21.0.3] AndroidManifest.xml:42:21-48
29        </intent>
30        <intent>
30-->[com.razorpay:checkout:1.6.19] AndroidManifest.xml:19:9-28:18
31            <action android:name="android.intent.action.VIEW" />
31-->[com.google.firebase:firebase-auth:21.0.3] AndroidManifest.xml:34:17-69
31-->[com.google.firebase:firebase-auth:21.0.3] AndroidManifest.xml:34:25-66
32
33            <category android:name="android.intent.category.BROWSABLE" />
33-->[com.google.firebase:firebase-auth:21.0.3] AndroidManifest.xml:37:17-78
33-->[com.google.firebase:firebase-auth:21.0.3] AndroidManifest.xml:37:27-75
34
35            <data
35-->[com.google.firebase:firebase-auth:21.0.3] AndroidManifest.xml:39:17-42:51
36                android:host="pay"
36-->[com.google.firebase:firebase-auth:21.0.3] AndroidManifest.xml:40:21-49
37                android:mimeType="*/*"
38                android:scheme="upi" />
38-->[com.google.firebase:firebase-auth:21.0.3] AndroidManifest.xml:42:21-48
39        </intent>
40        <intent>
40-->[com.razorpay:checkout:1.6.19] AndroidManifest.xml:29:9-31:18
41            <action android:name="android.intent.action.MAIN" />
41-->[com.razorpay:checkout:1.6.19] AndroidManifest.xml:30:13-65
41-->[com.razorpay:checkout:1.6.19] AndroidManifest.xml:30:21-62
42        </intent>
43        <intent>
43-->[com.razorpay:checkout:1.6.19] AndroidManifest.xml:32:9-36:18
44            <action android:name="android.intent.action.SEND" />
44-->[com.razorpay:checkout:1.6.19] AndroidManifest.xml:33:13-65
44-->[com.razorpay:checkout:1.6.19] AndroidManifest.xml:33:21-62
45
46            <data android:mimeType="*/*" />
46-->[com.google.firebase:firebase-auth:21.0.3] AndroidManifest.xml:39:17-42:51
47        </intent>
48    </queries>
49
50    <uses-feature
50-->[com.google.android.gms:play-services-maps:17.0.0] AndroidManifest.xml:26:5-28:35
51        android:glEsVersion="0x00020000"
51-->[com.google.android.gms:play-services-maps:17.0.0] AndroidManifest.xml:27:9-41
52        android:required="true" />
52-->[com.google.android.gms:play-services-maps:17.0.0] AndroidManifest.xml:28:9-32
53
54    <uses-permission android:name="com.google.android.finsky.permission.BIND_GET_INSTALL_REFERRER_SERVICE" />
54-->[com.google.android.gms:play-services-measurement:20.1.2] AndroidManifest.xml:26:5-110
54-->[com.google.android.gms:play-services-measurement:20.1.2] AndroidManifest.xml:26:22-107
55
56    <application
57        android:name="android.app.Application"
58        android:appComponentFactory="androidx.core.app.CoreComponentFactory"
58-->[androidx.core:core:1.6.0] AndroidManifest.xml:24:18-86
59        android:debuggable="true"
60        android:icon="@mipmap/ic_launcher"
61        android:label="smart_parking" >
62        <activity
63            android:name="com.example.smart_parking.MainActivity"
64            android:configChanges="orientation|keyboardHidden|keyboard|screenSize|smallestScreenSize|locale|layoutDirection|fontScale|screenLayout|density|uiMode"
65            android:exported="true"
66            android:hardwareAccelerated="true"
67            android:launchMode="singleTop"
68            android:theme="@style/LaunchTheme"
69            android:windowSoftInputMode="adjustResize" >
70
71            <!--
72                 Specifies an Android theme to apply to this Activity as soon as
73                 the Android process has started. This theme is visible to the user
74                 while the Flutter UI initializes. After that, this theme continues
75                 to determine the Window background behind the Flutter UI.
76            -->
77            <meta-data
78                android:name="io.flutter.embedding.android.NormalTheme"
79                android:resource="@style/NormalTheme" />
80
81            <intent-filter>
82                <action android:name="android.intent.action.MAIN" />
82-->[com.razorpay:checkout:1.6.19] AndroidManifest.xml:30:13-65
82-->[com.razorpay:checkout:1.6.19] AndroidManifest.xml:30:21-62
83
84                <category android:name="android.intent.category.LAUNCHER" />
85            </intent-filter>
86        </activity>
87        <!--
88             Don't delete the meta-data below.
89             This is used by the Flutter tool to generate GeneratedPluginRegistrant.java
90        -->
91        <meta-data
92            android:name="flutterEmbedding"
93            android:value="2" />
94
95        <service
95-->[:cloud_firestore] AndroidManifest.xml:8:9-12:19
96            android:name="com.google.firebase.components.ComponentDiscoveryService"
96-->[:cloud_firestore] AndroidManifest.xml:8:18-89
97            android:directBootAware="true"
97-->[com.google.firebase:firebase-common:20.1.0] AndroidManifest.xml:35:13-43
98            android:exported="false" >
98-->[com.google.firebase:firebase-auth:21.0.3] AndroidManifest.xml:66:13-37
99            <meta-data
99-->[:cloud_firestore] AndroidManifest.xml:9:13-11:85
100                android:name="com.google.firebase.components:io.flutter.plugins.firebase.firestore.FlutterFirebaseFirestoreRegistrar"
100-->[:cloud_firestore] AndroidManifest.xml:10:17-134
101                android:value="com.google.firebase.components.ComponentRegistrar" />
101-->[:cloud_firestore] AndroidManifest.xml:11:17-82
102            <meta-data
102-->[:firebase_auth] AndroidManifest.xml:9:13-11:85
103                android:name="com.google.firebase.components:io.flutter.plugins.firebase.auth.FlutterFirebaseAuthRegistrar"
103-->[:firebase_auth] AndroidManifest.xml:10:17-124
104                android:value="com.google.firebase.components.ComponentRegistrar" />
104-->[:firebase_auth] AndroidManifest.xml:11:17-82
105            <meta-data
105-->[:firebase_core] AndroidManifest.xml:9:13-11:85
106                android:name="com.google.firebase.components:io.flutter.plugins.firebase.core.FlutterFirebaseCoreRegistrar"
106-->[:firebase_core] AndroidManifest.xml:10:17-124
107                android:value="com.google.firebase.components.ComponentRegistrar" />
107-->[:firebase_core] AndroidManifest.xml:11:17-82
108            <meta-data
108-->[com.google.firebase:firebase-auth:21.0.3] AndroidManifest.xml:67:13-69:85
109                android:name="com.google.firebase.components:com.google.firebase.auth.FirebaseAuthRegistrar"
109-->[com.google.firebase:firebase-auth:21.0.3] AndroidManifest.xml:68:17-109
110                android:value="com.google.firebase.components.ComponentRegistrar" />
110-->[com.google.firebase:firebase-auth:21.0.3] AndroidManifest.xml:69:17-82
111            <meta-data
111-->[com.google.firebase:firebase-firestore:24.1.1] AndroidManifest.xml:20:13-22:85
112                android:name="com.google.firebase.components:com.google.firebase.firestore.FirestoreRegistrar"
112-->[com.google.firebase:firebase-firestore:24.1.1] AndroidManifest.xml:21:17-111
113                android:value="com.google.firebase.components.ComponentRegistrar" />
113-->[com.google.firebase:firebase-firestore:24.1.1] AndroidManifest.xml:22:17-82
114            <meta-data
114-->[com.google.android.gms:play-services-measurement-api:20.1.2] AndroidManifest.xml:31:13-33:85
115                android:name="com.google.firebase.components:com.google.firebase.analytics.connector.internal.AnalyticsConnectorRegistrar"
115-->[com.google.android.gms:play-services-measurement-api:20.1.2] AndroidManifest.xml:32:17-139
116                android:value="com.google.firebase.components.ComponentRegistrar" />
116-->[com.google.android.gms:play-services-measurement-api:20.1.2] AndroidManifest.xml:33:17-82
117            <meta-data
117-->[com.google.firebase:firebase-installations:17.0.1] AndroidManifest.xml:18:13-20:85
118                android:name="com.google.firebase.components:com.google.firebase.installations.FirebaseInstallationsRegistrar"
118-->[com.google.firebase:firebase-installations:17.0.1] AndroidManifest.xml:19:17-127
119                android:value="com.google.firebase.components.ComponentRegistrar" />
119-->[com.google.firebase:firebase-installations:17.0.1] AndroidManifest.xml:20:17-82
120        </service>
121        <service
121-->[:geolocator_android] AndroidManifest.xml:10:9-14:56
122            android:name="com.baseflow.geolocator.GeolocatorLocationService"
122-->[:geolocator_android] AndroidManifest.xml:11:13-77
123            android:enabled="true"
123-->[:geolocator_android] AndroidManifest.xml:12:13-35
124            android:exported="false"
124-->[:geolocator_android] AndroidManifest.xml:13:13-37
125            android:foregroundServiceType="location" />
125-->[:geolocator_android] AndroidManifest.xml:14:13-53
126
127        <provider
127-->[:image_picker_android] AndroidManifest.xml:8:9-16:20
128            android:name="io.flutter.plugins.imagepicker.ImagePickerFileProvider"
128-->[:image_picker_android] AndroidManifest.xml:9:13-82
129            android:authorities="com.example.smart_parking.flutter.image_provider"
129-->[:image_picker_android] AndroidManifest.xml:10:13-74
130            android:exported="false"
130-->[:image_picker_android] AndroidManifest.xml:11:13-37
131            android:grantUriPermissions="true" >
131-->[:image_picker_android] AndroidManifest.xml:12:13-47
132            <meta-data
132-->[:image_picker_android] AndroidManifest.xml:13:13-15:75
133                android:name="android.support.FILE_PROVIDER_PATHS"
133-->[:image_picker_android] AndroidManifest.xml:14:17-67
134                android:resource="@xml/flutter_image_picker_file_paths" />
134-->[:image_picker_android] AndroidManifest.xml:15:17-72
135        </provider>
136
137        <activity
137-->[:url_launcher_android] AndroidManifest.xml:8:9-11:74
138            android:name="io.flutter.plugins.urllauncher.WebViewActivity"
138-->[:url_launcher_android] AndroidManifest.xml:9:13-74
139            android:exported="false"
139-->[:url_launcher_android] AndroidManifest.xml:10:13-37
140            android:theme="@android:style/Theme.NoTitleBar.Fullscreen" />
140-->[:url_launcher_android] AndroidManifest.xml:11:13-71
141
142        <service
142-->[:location] AndroidManifest.xml:11:9-15:56
143            android:name="com.lyokone.location.FlutterLocationService"
143-->[:location] AndroidManifest.xml:12:13-71
144            android:enabled="true"
144-->[:location] AndroidManifest.xml:13:13-35
145            android:exported="false"
145-->[:location] AndroidManifest.xml:14:13-37
146            android:foregroundServiceType="location" />
146-->[:location] AndroidManifest.xml:15:13-53
147
148        <uses-library
148-->[androidx.window:window:1.0.0-beta04] AndroidManifest.xml:25:9-27:40
149            android:name="androidx.window.extensions"
149-->[androidx.window:window:1.0.0-beta04] AndroidManifest.xml:26:13-54
150            android:required="false" />
150-->[androidx.window:window:1.0.0-beta04] AndroidManifest.xml:27:13-37
151        <uses-library
151-->[androidx.window:window:1.0.0-beta04] AndroidManifest.xml:28:9-30:40
152            android:name="androidx.window.sidecar"
152-->[androidx.window:window:1.0.0-beta04] AndroidManifest.xml:29:13-51
153            android:required="false" />
153-->[androidx.window:window:1.0.0-beta04] AndroidManifest.xml:30:13-37
154
155        <activity
155-->[com.google.firebase:firebase-auth:21.0.3] AndroidManifest.xml:27:9-44:20
156            android:name="com.google.firebase.auth.internal.GenericIdpActivity"
156-->[com.google.firebase:firebase-auth:21.0.3] AndroidManifest.xml:28:13-80
157            android:excludeFromRecents="true"
157-->[com.google.firebase:firebase-auth:21.0.3] AndroidManifest.xml:29:13-46
158            android:exported="true"
158-->[com.google.firebase:firebase-auth:21.0.3] AndroidManifest.xml:30:13-36
159            android:launchMode="singleTask"
159-->[com.google.firebase:firebase-auth:21.0.3] AndroidManifest.xml:31:13-44
160            android:theme="@android:style/Theme.Translucent.NoTitleBar" >
160-->[com.google.firebase:firebase-auth:21.0.3] AndroidManifest.xml:32:13-72
161            <intent-filter>
161-->[com.google.firebase:firebase-auth:21.0.3] AndroidManifest.xml:33:13-43:29
162                <action android:name="android.intent.action.VIEW" />
162-->[com.google.firebase:firebase-auth:21.0.3] AndroidManifest.xml:34:17-69
162-->[com.google.firebase:firebase-auth:21.0.3] AndroidManifest.xml:34:25-66
163
164                <category android:name="android.intent.category.DEFAULT" />
164-->[com.google.firebase:firebase-auth:21.0.3] AndroidManifest.xml:36:17-76
164-->[com.google.firebase:firebase-auth:21.0.3] AndroidManifest.xml:36:27-73
165                <category android:name="android.intent.category.BROWSABLE" />
165-->[com.google.firebase:firebase-auth:21.0.3] AndroidManifest.xml:37:17-78
165-->[com.google.firebase:firebase-auth:21.0.3] AndroidManifest.xml:37:27-75
166
167                <data
167-->[com.google.firebase:firebase-auth:21.0.3] AndroidManifest.xml:39:17-42:51
168                    android:host="firebase.auth"
168-->[com.google.firebase:firebase-auth:21.0.3] AndroidManifest.xml:40:21-49
169                    android:path="/"
169-->[com.google.firebase:firebase-auth:21.0.3] AndroidManifest.xml:41:21-37
170                    android:scheme="genericidp" />
170-->[com.google.firebase:firebase-auth:21.0.3] AndroidManifest.xml:42:21-48
171            </intent-filter>
172        </activity>
173        <activity
173-->[com.google.firebase:firebase-auth:21.0.3] AndroidManifest.xml:45:9-62:20
174            android:name="com.google.firebase.auth.internal.RecaptchaActivity"
174-->[com.google.firebase:firebase-auth:21.0.3] AndroidManifest.xml:46:13-79
175            android:excludeFromRecents="true"
175-->[com.google.firebase:firebase-auth:21.0.3] AndroidManifest.xml:47:13-46
176            android:exported="true"
176-->[com.google.firebase:firebase-auth:21.0.3] AndroidManifest.xml:48:13-36
177            android:launchMode="singleTask"
177-->[com.google.firebase:firebase-auth:21.0.3] AndroidManifest.xml:49:13-44
178            android:theme="@android:style/Theme.Translucent.NoTitleBar" >
178-->[com.google.firebase:firebase-auth:21.0.3] AndroidManifest.xml:50:13-72
179            <intent-filter>
179-->[com.google.firebase:firebase-auth:21.0.3] AndroidManifest.xml:51:13-61:29
180                <action android:name="android.intent.action.VIEW" />
180-->[com.google.firebase:firebase-auth:21.0.3] AndroidManifest.xml:34:17-69
180-->[com.google.firebase:firebase-auth:21.0.3] AndroidManifest.xml:34:25-66
181
182                <category android:name="android.intent.category.DEFAULT" />
182-->[com.google.firebase:firebase-auth:21.0.3] AndroidManifest.xml:36:17-76
182-->[com.google.firebase:firebase-auth:21.0.3] AndroidManifest.xml:36:27-73
183                <category android:name="android.intent.category.BROWSABLE" />
183-->[com.google.firebase:firebase-auth:21.0.3] AndroidManifest.xml:37:17-78
183-->[com.google.firebase:firebase-auth:21.0.3] AndroidManifest.xml:37:27-75
184
185                <data
185-->[com.google.firebase:firebase-auth:21.0.3] AndroidManifest.xml:39:17-42:51
186                    android:host="firebase.auth"
186-->[com.google.firebase:firebase-auth:21.0.3] AndroidManifest.xml:40:21-49
187                    android:path="/"
187-->[com.google.firebase:firebase-auth:21.0.3] AndroidManifest.xml:41:21-37
188                    android:scheme="recaptcha" />
188-->[com.google.firebase:firebase-auth:21.0.3] AndroidManifest.xml:42:21-48
189            </intent-filter>
190        </activity>
191
192        <provider
192-->[com.google.firebase:firebase-common:20.1.0] AndroidManifest.xml:26:9-31:39
193            android:name="com.google.firebase.provider.FirebaseInitProvider"
193-->[com.google.firebase:firebase-common:20.1.0] AndroidManifest.xml:27:13-77
194            android:authorities="com.example.smart_parking.firebaseinitprovider"
194-->[com.google.firebase:firebase-common:20.1.0] AndroidManifest.xml:28:13-72
195            android:directBootAware="true"
195-->[com.google.firebase:firebase-common:20.1.0] AndroidManifest.xml:29:13-43
196            android:exported="false"
196-->[com.google.firebase:firebase-common:20.1.0] AndroidManifest.xml:30:13-37
197            android:initOrder="100" />
197-->[com.google.firebase:firebase-common:20.1.0] AndroidManifest.xml:31:13-36
198
199        <receiver
199-->[com.razorpay:checkout:1.6.19] AndroidManifest.xml:40:9-46:20
200            android:name="com.razorpay.RzpTokenReceiver"
200-->[com.razorpay:checkout:1.6.19] AndroidManifest.xml:41:13-57
201            android:exported="false" >
201-->[com.razorpay:checkout:1.6.19] AndroidManifest.xml:42:13-37
202            <intent-filter>
202-->[com.razorpay:checkout:1.6.19] AndroidManifest.xml:43:13-45:29
203                <action android:name="rzp.device_token.share" />
203-->[com.razorpay:checkout:1.6.19] AndroidManifest.xml:44:17-65
203-->[com.razorpay:checkout:1.6.19] AndroidManifest.xml:44:25-62
204            </intent-filter>
205        </receiver>
206
207        <activity
207-->[com.razorpay:checkout:1.6.19] AndroidManifest.xml:48:9-60:20
208            android:name="com.razorpay.CheckoutActivity"
208-->[com.razorpay:checkout:1.6.19] AndroidManifest.xml:49:13-57
209            android:configChanges="keyboard|keyboardHidden|orientation|screenSize"
209-->[com.razorpay:checkout:1.6.19] AndroidManifest.xml:50:13-83
210            android:exported="true"
210-->[com.razorpay:checkout:1.6.19] AndroidManifest.xml:51:13-36
211            android:theme="@style/CheckoutTheme" >
211-->[com.razorpay:checkout:1.6.19] AndroidManifest.xml:52:13-49
212            <intent-filter>
212-->[com.razorpay:checkout:1.6.19] AndroidManifest.xml:53:13-59:29
213                <action android:name="android.intent.action.MAIN" />
213-->[com.razorpay:checkout:1.6.19] AndroidManifest.xml:30:13-65
213-->[com.razorpay:checkout:1.6.19] AndroidManifest.xml:30:21-62
214
215                <data
215-->[com.google.firebase:firebase-auth:21.0.3] AndroidManifest.xml:39:17-42:51
216                    android:host="rzp.io"
216-->[com.google.firebase:firebase-auth:21.0.3] AndroidManifest.xml:40:21-49
217                    android:scheme="io.rzp" />
217-->[com.google.firebase:firebase-auth:21.0.3] AndroidManifest.xml:42:21-48
218            </intent-filter>
219        </activity>
220
221        <meta-data
221-->[com.razorpay:checkout:1.6.19] AndroidManifest.xml:62:9-64:58
222            android:name="com.razorpay.plugin.googlepay_all"
222-->[com.razorpay:checkout:1.6.19] AndroidManifest.xml:63:13-61
223            android:value="com.razorpay.RzpGpayMerged" /> <!-- Needs to be explicitly declared on P+ -->
223-->[com.razorpay:checkout:1.6.19] AndroidManifest.xml:64:13-55
224        <uses-library
224-->[com.google.android.gms:play-services-maps:17.0.0] AndroidManifest.xml:33:9-35:40
225            android:name="org.apache.http.legacy"
225-->[com.google.android.gms:play-services-maps:17.0.0] AndroidManifest.xml:34:13-50
226            android:required="false" />
226-->[com.google.android.gms:play-services-maps:17.0.0] AndroidManifest.xml:35:13-37
227
228        <receiver
228-->[com.google.android.gms:play-services-measurement:20.1.2] AndroidManifest.xml:29:9-33:20
229            android:name="com.google.android.gms.measurement.AppMeasurementReceiver"
229-->[com.google.android.gms:play-services-measurement:20.1.2] AndroidManifest.xml:30:13-85
230            android:enabled="true"
230-->[com.google.android.gms:play-services-measurement:20.1.2] AndroidManifest.xml:31:13-35
231            android:exported="false" >
231-->[com.google.android.gms:play-services-measurement:20.1.2] AndroidManifest.xml:32:13-37
232        </receiver>
233
234        <service
234-->[com.google.android.gms:play-services-measurement:20.1.2] AndroidManifest.xml:35:9-38:40
235            android:name="com.google.android.gms.measurement.AppMeasurementService"
235-->[com.google.android.gms:play-services-measurement:20.1.2] AndroidManifest.xml:36:13-84
236            android:enabled="true"
236-->[com.google.android.gms:play-services-measurement:20.1.2] AndroidManifest.xml:37:13-35
237            android:exported="false" />
237-->[com.google.android.gms:play-services-measurement:20.1.2] AndroidManifest.xml:38:13-37
238        <service
238-->[com.google.android.gms:play-services-measurement:20.1.2] AndroidManifest.xml:39:9-43:72
239            android:name="com.google.android.gms.measurement.AppMeasurementJobService"
239-->[com.google.android.gms:play-services-measurement:20.1.2] AndroidManifest.xml:40:13-87
240            android:enabled="true"
240-->[com.google.android.gms:play-services-measurement:20.1.2] AndroidManifest.xml:41:13-35
241            android:exported="false"
241-->[com.google.android.gms:play-services-measurement:20.1.2] AndroidManifest.xml:42:13-37
242            android:permission="android.permission.BIND_JOB_SERVICE" />
242-->[com.google.android.gms:play-services-measurement:20.1.2] AndroidManifest.xml:43:13-69
243
244        <activity
244-->[com.google.android.gms:play-services-auth:17.0.0] AndroidManifest.xml:23:9-27:75
245            android:name="com.google.android.gms.auth.api.signin.internal.SignInHubActivity"
245-->[com.google.android.gms:play-services-auth:17.0.0] AndroidManifest.xml:24:13-93
246            android:excludeFromRecents="true"
246-->[com.google.android.gms:play-services-auth:17.0.0] AndroidManifest.xml:25:13-46
247            android:exported="false"
247-->[com.google.android.gms:play-services-auth:17.0.0] AndroidManifest.xml:26:13-37
248            android:theme="@android:style/Theme.Translucent.NoTitleBar" />
248-->[com.google.android.gms:play-services-auth:17.0.0] AndroidManifest.xml:27:13-72
249        <!--
250            Service handling Google Sign-In user revocation. For apps that do not integrate with
251            Google Sign-In, this service will never be started.
252        -->
253        <service
253-->[com.google.android.gms:play-services-auth:17.0.0] AndroidManifest.xml:33:9-36:110
254            android:name="com.google.android.gms.auth.api.signin.RevocationBoundService"
254-->[com.google.android.gms:play-services-auth:17.0.0] AndroidManifest.xml:34:13-89
255            android:exported="true"
255-->[com.google.android.gms:play-services-auth:17.0.0] AndroidManifest.xml:35:13-36
256            android:permission="com.google.android.gms.auth.api.signin.permission.REVOCATION_NOTIFICATION" />
256-->[com.google.android.gms:play-services-auth:17.0.0] AndroidManifest.xml:36:13-107
257
258        <activity
258-->[com.google.android.gms:play-services-base:18.0.1] AndroidManifest.xml:20:9-22:45
259            android:name="com.google.android.gms.common.api.GoogleApiActivity"
259-->[com.google.android.gms:play-services-base:18.0.1] AndroidManifest.xml:20:19-85
260            android:exported="false"
260-->[com.google.android.gms:play-services-base:18.0.1] AndroidManifest.xml:22:19-43
261            android:theme="@android:style/Theme.Translucent.NoTitleBar" />
261-->[com.google.android.gms:play-services-base:18.0.1] AndroidManifest.xml:21:19-78
262
263        <meta-data
263-->[com.google.android.gms:play-services-basement:18.0.0] AndroidManifest.xml:21:9-23:69
264            android:name="com.google.android.gms.version"
264-->[com.google.android.gms:play-services-basement:18.0.0] AndroidManifest.xml:22:13-58
265            android:value="@integer/google_play_services_version" />
265-->[com.google.android.gms:play-services-basement:18.0.0] AndroidManifest.xml:23:13-66
266    </application>
267
268</manifest>